"../../../../../../uue projects/wall climbing game/EvaluationGame/Content/Mannequin/Character/Mesh/UE4_Mannequin_Skeleton.uasset" 0
"../../../../../../uue projects/wall climbing game/EvaluationGame/Content/Mannequin/Animations/ThirdPersonJump_End.uasset" 1
"../../../../../../uue projects/wall climbing game/EvaluationGame/Content/StarterContent/Materials/M_Basic_Wall.uasset" 2
"../../../../../../uue projects/wall climbing game/EvaluationGame/Content/StarterContent/Architecture/Pillar_50x500.uasset" 3
"../../../../../../uue projects/wall climbing game/EvaluationGame/Content/StarterContent/Architecture/Wall_400x300.uasset" 4
"../../../../../../uue projects/wall climbing game/EvaluationGame/Content/StarterContent/Architecture/Wall_400x400.uasset" 5
"../../../../../../uue projects/wall climbing game/EvaluationGame/Content/StarterContent/Architecture/Wall_500x500.uasset" 6
"../../../../../../uue projects/wall climbing game/EvaluationGame/Content/StarterContent/Architecture/Wall_Door_400x400.uasset" 7
"../../../../../../uue projects/wall climbing game/EvaluationGame/Content/StarterContent/Architecture/Wall_Window_400x400.uasset" 8
"../../../../../../uue projects/wall climbing game/EvaluationGame/Content/StarterContent/Audio/Collapse01.uasset" 9
"../../../../../../uue projects/wall climbing game/EvaluationGame/Content/StarterContent/Audio/Collapse02.uasset" 10
"../../../../../../uue projects/wall climbing game/EvaluationGame/Content/StarterContent/Audio/Explosion01.uasset" 11
"../../../../../../uue projects/wall climbing game/EvaluationGame/Content/StarterContent/Audio/Explosion02.uasset" 12
"../../../../../../uue projects/wall climbing game/EvaluationGame/Content/StarterContent/Audio/Fire01.uasset" 13
"../../../../../../uue projects/wall climbing game/EvaluationGame/Content/StarterContent/Audio/Fire_Sparks01.uasset" 14
"../../../../../../uue projects/wall climbing game/EvaluationGame/Content/StarterContent/Audio/Light01.uasset" 15
"../../../../../../uue projects/wall climbing game/EvaluationGame/Content/StarterContent/Audio/Light01_Cue.uasset" 16
"../../../../../../uue projects/wall climbing game/EvaluationGame/Content/StarterContent/Audio/Light02.uasset" 17
"../../../../../../uue projects/wall climbing game/EvaluationGame/Content/StarterContent/Audio/Light02_Cue.uasset" 18
"../../../../../../uue projects/wall climbing game/EvaluationGame/Content/StarterContent/Audio/Smoke01.uasset" 19
"../../../../../../uue projects/wall climbing game/EvaluationGame/Content/StarterContent/Audio/Starter_Birds01.uasset" 20
"../../../../../../uue projects/wall climbing game/EvaluationGame/Content/StarterContent/Audio/Starter_Music01.uasset" 21
"../../../../../../uue projects/wall climbing game/EvaluationGame/Content/StarterContent/Audio/Starter_Wind05.uasset" 22
"../../../../../../uue projects/wall climbing game/EvaluationGame/Content/StarterContent/Audio/Starter_Wind06.uasset" 23
"../../../../../../uue projects/wall climbing game/EvaluationGame/Content/StarterContent/Audio/Steam01.uasset" 24
"../../../../../../uue projects/wall climbing game/EvaluationGame/Content/StarterContent/Textures/T_Smoke_Tiled_D.uasset" 25
"../../../../../../uue projects/wall climbing game/EvaluationGame/Content/StarterContent/Textures/T_Smoke_SubUV.uasset" 26
"../../../../../../uue projects/wall climbing game/EvaluationGame/Content/StarterContent/Particles/Materials/M_smoke_subUV.uasset" 27
"../../../Engine/Content/Functions/Engine_MaterialFunctions01/Gradient/RadialGradient.uasset" 28
"../../../../../../uue projects/wall climbing game/EvaluationGame/Content/StarterContent/Particles/Materials/M_radial_ramp.uasset" 29
"../../../../../../uue projects/wall climbing game/EvaluationGame/Content/StarterContent/Particles/Materials/m_flare_01.uasset" 30
"../../../../../../uue projects/wall climbing game/EvaluationGame/Content/StarterContent/Textures/T_Explosion_SubUV.uasset" 31
"../../../../../../uue projects/wall climbing game/EvaluationGame/Content/StarterContent/Particles/Materials/M_explosion_subUV.uasset" 32
"../../../../../../uue projects/wall climbing game/EvaluationGame/Content/StarterContent/Textures/T_Burst_M.uasset" 33
"../../../../../../uue projects/wall climbing game/EvaluationGame/Content/StarterContent/Particles/Materials/M_Burst.uasset" 34
"../../../../../../uue projects/wall climbing game/EvaluationGame/Content/StarterContent/Particles/P_Explosion.uasset" 35
"../../../../../../uue projects/wall climbing game/EvaluationGame/Content/StarterContent/Audio/Explosion_Cue.uasset" 36
"../../../../../../uue projects/wall climbing game/EvaluationGame/Content/StarterContent/Blueprints/Blueprint_Effect_Explosion.uasset" 37
"../../../Engine/Content/EditorMeshes/ColorCalibrator/T_ColorGrid.uasset" 38
"../../../../../../uue projects/wall climbing game/EvaluationGame/Content/StarterContent/Materials/M_ColorGrid_LowSpec.uasset" 39
"../../../../../../uue projects/wall climbing game/EvaluationGame/Content/StarterContent/Textures/T_Bush_N.uasset" 40
"../../../../../../uue projects/wall climbing game/EvaluationGame/Content/StarterContent/Textures/T_Bush_D.uasset" 41
"../../../../../../uue projects/wall climbing game/EvaluationGame/Content/StarterContent/Props/Materials/M_Bush.uasset" 42
"../../../../../../uue projects/wall climbing game/EvaluationGame/Content/StarterContent/Props/SM_Bush.uasset" 43
"../../../../../../uue projects/wall climbing game/EvaluationGame/Content/StarterContent/Textures/T_Chair_N.uasset" 44
"../../../../../../uue projects/wall climbing game/EvaluationGame/Content/StarterContent/Textures/T_Chair_M.uasset" 45
"../../../../../../uue projects/wall climbing game/EvaluationGame/Content/StarterContent/Props/Materials/M_Chair.uasset" 46
"../../../../../../uue projects/wall climbing game/EvaluationGame/Content/StarterContent/Props/SM_Couch.uasset" 47
"../../../../../../uue projects/wall climbing game/EvaluationGame/Content/StarterContent/Materials/M_Glass.uasset" 48
"../../../../../../uue projects/wall climbing game/EvaluationGame/Content/StarterContent/Textures/T_Door_N.uasset" 49
"../../../../../../uue projects/wall climbing game/EvaluationGame/Content/StarterContent/Textures/T_Door_M.uasset" 50
"../../../../../../uue projects/wall climbing game/EvaluationGame/Content/StarterContent/Props/Materials/M_Door.uasset" 51
"../../../../../../uue projects/wall climbing game/EvaluationGame/Content/StarterContent/Props/SM_Door.uasset" 52
"../../../../../../uue projects/wall climbing game/EvaluationGame/Content/StarterContent/Props/Materials/M_MaterialSphere_Plain.uasset" 53
"../../../../../../uue projects/wall climbing game/EvaluationGame/Content/StarterContent/Props/Materials/M_MaterialSphere.uasset" 54
"../../../../../../uue projects/wall climbing game/EvaluationGame/Content/StarterContent/Props/SM_MatPreviewMesh_02.uasset" 55
"../../../../../../uue projects/wall climbing game/EvaluationGame/Content/StarterContent/Textures/T_Rock_Basalt_D.uasset" 56
"../../../../../../uue projects/wall climbing game/EvaluationGame/Content/StarterContent/Textures/T_RockMesh_N.uasset" 57
"../../../../../../uue projects/wall climbing game/EvaluationGame/Content/StarterContent/Textures/T_RockMesh_M.uasset" 58
"../../../Engine/Content/Functions/Engine_MaterialFunctions02/Utility/BlendAngleCorrectedNormals.uasset" 59
"../../../../../../uue projects/wall climbing game/EvaluationGame/Content/StarterContent/Textures/T_Detail_Rocky_N.uasset" 60
"../../../../../../uue projects/wall climbing game/EvaluationGame/Content/StarterContent/Props/Materials/M_Rock.uasset" 61
"../../../../../../uue projects/wall climbing game/EvaluationGame/Content/StarterContent/Props/SM_Rock.uasset" 62
"../../../../../../uue projects/wall climbing game/EvaluationGame/Content/StarterContent/Textures/T_Shelf_N.uasset" 63
"../../../../../../uue projects/wall climbing game/EvaluationGame/Content/StarterContent/Textures/T_Shelf_M.uasset" 64
"../../../../../../uue projects/wall climbing game/EvaluationGame/Content/StarterContent/Props/Materials/M_Shelf.uasset" 65
"../../../../../../uue projects/wall climbing game/EvaluationGame/Content/StarterContent/Props/SM_Shelf.uasset" 66
"../../../../../../uue projects/wall climbing game/EvaluationGame/Content/StarterContent/Materials/M_Basic_Floor.uasset" 67
"../../../../../../uue projects/wall climbing game/EvaluationGame/Content/StarterContent/Props/SM_Stairs.uasset" 68
"../../../../../../uue projects/wall climbing game/EvaluationGame/Content/StarterContent/Shapes/Shape_Cone.uasset" 69
"../../../../../../uue projects/wall climbing game/EvaluationGame/Content/StarterContent/Shapes/Shape_Cylinder.uasset" 70
"../../../../../../uue projects/wall climbing game/EvaluationGame/Content/StarterContent/Shapes/Shape_NarrowCapsule.uasset" 71
"../../../../../../uue projects/wall climbing game/EvaluationGame/Content/StarterContent/Shapes/Shape_Pipe.uasset" 72
"../../../../../../uue projects/wall climbing game/EvaluationGame/Content/StarterContent/Shapes/Shape_Pipe_180.uasset" 73
"../../../../../../uue projects/wall climbing game/EvaluationGame/Content/StarterContent/Shapes/Shape_Pipe_90.uasset" 74
"../../../../../../uue projects/wall climbing game/EvaluationGame/Content/StarterContent/Shapes/Shape_Plane.uasset" 75
"../../../../../../uue projects/wall climbing game/EvaluationGame/Content/StarterContent/Shapes/Shape_Torus.uasset" 76
"../../../../../../uue projects/wall climbing game/EvaluationGame/Content/StarterContent/Shapes/Shape_Trim.uasset" 77
"../../../../../../uue projects/wall climbing game/EvaluationGame/Content/StarterContent/Shapes/Shape_Trim_90_In.uasset" 78
"../../../../../../uue projects/wall climbing game/EvaluationGame/Content/StarterContent/Shapes/Shape_Trim_90_Out.uasset" 79
"../../../../../../uue projects/wall climbing game/EvaluationGame/Content/StarterContent/Shapes/Shape_TriPyramid.uasset" 80
"../../../../../../uue projects/wall climbing game/EvaluationGame/Content/StarterContent/Shapes/Shape_Tube.uasset" 81
"../../../../../../uue projects/wall climbing game/EvaluationGame/Content/StarterContent/Shapes/Shape_Wedge_A.uasset" 82
"../../../../../../uue projects/wall climbing game/EvaluationGame/Content/StarterContent/Shapes/Shape_Wedge_B.uasset" 83
"../../../../../../uue projects/wall climbing game/EvaluationGame/Content/StarterContent/Shapes/Shape_WideCapsule.uasset" 84
"../../../../../../uue projects/wall climbing game/EvaluationGame/Content/ThirdPerson/Meshes/RampMaterial.uasset" 85
"../../../../../../uue projects/wall climbing game/EvaluationGame/Content/ThirdPerson/Meshes/Bump_StaticMesh.uasset" 86
"../../../../../../uue projects/wall climbing game/EvaluationGame/Content/ThirdPerson/Meshes/LeftArm_StaticMesh.uasset" 87
"../../../../../../uue projects/wall climbing game/EvaluationGame/Content/ThirdPerson/Meshes/Linear_Stair_StaticMesh.uasset" 88
"../../../../../../uue projects/wall climbing game/EvaluationGame/Content/ThirdPerson/Meshes/Ramp_StaticMesh.uasset" 89
"../../../../../../uue projects/wall climbing game/EvaluationGame/Content/ThirdPerson/Meshes/RightArm_StaticMesh.uasset" 90
"../../../../../../uue projects/wall climbing game/EvaluationGame/Content/Mannequin/Character/Mesh/SK_Mannequin_PhysicsAsset.uasset" 91
"../../../../../../uue projects/wall climbing game/EvaluationGame/Content/Mannequin/Character/Textures/T_UE4Logo_N.uasset" 92
"../../../../../../uue projects/wall climbing game/EvaluationGame/Content/Mannequin/Character/Textures/T_UE4Logo_Mask.uasset" 93
"../../../../../../uue projects/wall climbing game/EvaluationGame/Content/Mannequin/Character/Textures/T_Male_N.uasset" 94
"../../../../../../uue projects/wall climbing game/EvaluationGame/Content/Mannequin/Character/Textures/T_Male_Mask.uasset" 95
"../../../../../../uue projects/wall climbing game/EvaluationGame/Content/Mannequin/Character/Materials/MaterialLayers/T_ML_Rubber_Blue_01_N.uasset" 96
"../../../../../../uue projects/wall climbing game/EvaluationGame/Content/Mannequin/Character/Materials/MaterialLayers/T_ML_Rubber_Blue_01_D.uasset" 97
"../../../../../../uue projects/wall climbing game/EvaluationGame/Content/Mannequin/Character/Materials/MaterialLayers/T_ML_Aluminum01_N.uasset" 98
"../../../../../../uue projects/wall climbing game/EvaluationGame/Content/Mannequin/Character/Materials/MaterialLayers/T_ML_Aluminum01.uasset" 99
"../../../../../../uue projects/wall climbing game/EvaluationGame/Content/Mannequin/Character/Materials/MaterialLayers/ML_SoftMetal_UE4.uasset" 100
"../../../../../../uue projects/wall climbing game/EvaluationGame/Content/Mannequin/Character/Materials/MaterialLayers/ML_Plastic_Shiny_Beige_LOGO.uasset" 101
"../../../../../../uue projects/wall climbing game/EvaluationGame/Content/Mannequin/Character/Materials/MaterialLayers/ML_Plastic_Shiny_Beige.uasset" 102
"../../../../../../uue projects/wall climbing game/EvaluationGame/Content/Mannequin/Character/Materials/MaterialLayers/ML_GlossyBlack_Latex_UE4.uasset" 103
"../../../Engine/Content/Functions/MaterialLayerFunctions/MatLayerBlend_Simple.uasset" 104
"../../../Engine/Content/Functions/MaterialLayerFunctions/MatLayerBlend_NormalBlend.uasset" 105
"../../../../../../uue projects/wall climbing game/EvaluationGame/Content/Mannequin/Character/Materials/M_Male_Body.uasset" 106
"../../../../../../uue projects/wall climbing game/EvaluationGame/Content/Mannequin/Character/Materials/M_UE4Man_ChestLogo.uasset" 107
"../../../../../../uue projects/wall climbing game/EvaluationGame/Content/Mannequin/Character/Mesh/SK_Mannequin.uasset" 108
"../../../Engine/Content/EditorBlueprintResources/StandardMacros.uasset" 109
"../../../../../../uue projects/wall climbing game/EvaluationGame/Content/Mannequin/Animations/ThirdPersonWalk.uasset" 110
"../../../../../../uue projects/wall climbing game/EvaluationGame/Content/Mannequin/Animations/ThirdPersonRun.uasset" 111
"../../../../../../uue projects/wall climbing game/EvaluationGame/Content/Mannequin/Animations/ThirdPersonIdle.uasset" 112
"../../../../../../uue projects/wall climbing game/EvaluationGame/Content/Mannequin/Animations/ThirdPerson_IdleRun_2D.uasset" 113
"../../../../../../uue projects/wall climbing game/EvaluationGame/Content/Mannequin/Animations/ThirdPerson_Jump.uasset" 114
"../../../../../../uue projects/wall climbing game/EvaluationGame/Content/Mannequin/Animations/ThirdPersonJump_Start.uasset" 115
"../../../../../../uue projects/wall climbing game/EvaluationGame/Content/Mannequin/Animations/ThirdPersonJump_Loop.uasset" 116
"../../../../../../uue projects/wall climbing game/EvaluationGame/Content/Mannequin/Animations/ThirdPerson_AnimBP.uasset" 117
"../../../../../../uue projects/wall climbing game/EvaluationGame/Content/ThirdPersonCPP/Blueprints/ThirdPersonCharacter.uasset" 118
"../../../Engine/Content/Animation/DefaultAnimBoneCompressionSettings.uasset" 119
"../../../Engine/Content/Animation/DefaultAnimCurveCompressionSettings.uasset" 120
"../../../Engine/Content/Functions/Engine_MaterialFunctions01/Opacity/CameraDepthFade.uasset" 121
"../../../Engine/Content/EngineMaterials/T_Default_Material_Grid_N.uasset" 122
"../../../Engine/Content/EngineMaterials/T_Default_Material_Grid_M.uasset" 123
"../../../Engine/Content/EngineMaterials/WorldGridMaterial.uasset" 124
"../../../Engine/Content/ArtTools/RenderToTexture/Meshes/S_1_Unit_Plane.uasset" 125
"../../../Engine/Content/EngineMaterials/DefaultMaterial.uasset" 126
"../../../Engine/Content/BasicShapes/Cone.uasset" 127
"../../../Engine/Content/BasicShapes/Cube.uasset" 128
"../../../Engine/Content/BasicShapes/Plane.uasset" 129
"../../../Engine/Content/BasicShapes/Sphere.uasset" 130
"../../../Engine/Content/EditorLandscapeResources/DataLayer.uasset" 131
"../../../Engine/Content/EditorLandscapeResources/DefaultAlphaTexture.uasset" 132
"../../../Engine/Content/EditorMaterials/MAT_Groups_Toggle.uasset" 133
"../../../Engine/Content/EditorMaterials/MAT_Groups_Visibility.uasset" 134
"../../../Engine/Content/EditorMaterials/PreviewShadowIndicator.uasset" 135
"../../../Engine/Content/EditorMaterials/PreviewShadowIndicatorMaterial.uasset" 136
"../../../Engine/Content/EditorMaterials/MatineeGroups/MAT_ColorTrack.uasset" 137
"../../../Engine/Content/EditorMaterials/MatineeGroups/MAT_Groups_Anim.uasset" 138
"../../../Engine/Content/EditorMaterials/MatineeGroups/MAT_Groups_AudioMaster.uasset" 139
"../../../Engine/Content/EditorMaterials/MatineeGroups/MAT_Groups_Director.uasset" 140
"../../../Engine/Content/EditorMaterials/MatineeGroups/MAT_Groups_Event.uasset" 141
"../../../Engine/Content/EditorMaterials/MatineeGroups/MAT_Groups_Fade.uasset" 142
"../../../Engine/Content/EditorMaterials/MatineeGroups/MAT_Groups_Float.uasset" 143
"../../../Engine/Content/EditorMaterials/MatineeGroups/MAT_Groups_Move.uasset" 144
"../../../Engine/Content/EditorMaterials/MatineeGroups/MAT_Groups_Slomo.uasset" 145
"../../../Engine/Content/EditorMaterials/MatineeGroups/MAT_Groups_Sound.uasset" 146
"../../../Engine/Content/EditorMaterials/MatineeGroups/MAT_Groups_Vector.uasset" 147
"../../../Engine/Content/EditorMaterials/ParticleSystems/PSysThumbnail_NoImage.uasset" 148
"../../../Engine/Content/EditorMaterials/ParticleSystems/PSysThumbnail_OOD.uasset" 149
"../../../Engine/Content/EditorMaterials/Camera/CineMat.uasset" 150
"../../../Engine/Content/EditorMaterials/Camera/MI_CineMat_Rig.uasset" 151
"../../../Engine/Content/EditorMeshes/Camera/SM_CraneRig_Arm.uasset" 152
"../../../Engine/Content/EditorMeshes/Camera/SM_CraneRig_Base.uasset" 153
"../../../Engine/Content/EditorMeshes/Camera/SM_CraneRig_Body.uasset" 154
"../../../Engine/Content/EditorMeshes/Camera/SM_CraneRig_Mount.uasset" 155
"../../../Engine/Content/EditorMeshes/Camera/SM_RailRig_Mount.uasset" 156
"../../../Engine/Content/EditorMeshes/Camera/SM_RailRig_Track.uasset" 157
"../../../Engine/Content/EditorResources/BSPVertex.uasset" 158
"../../../Engine/Content/EditorResources/EmptyActor.uasset" 159
"../../../Engine/Content/EditorResources/S_Actor.uasset" 160
"../../../Engine/Content/EditorResources/S_Note.uasset" 161
"../../../Engine/Content/EditorResources/S_Solver.uasset" 162
"../../../Engine/Content/EditorResources/S_Terrain.uasset" 163
"../../../Engine/Content/EditorResources/S_Trigger.uasset" 164
"../../../Engine/Content/EditorResources/AudioIcons/S_AudioComponent.uasset" 165
"../../../Engine/Content/EditorResources/AudioIcons/S_AudioComponent_AutoActivate.uasset" 166
"../../../Engine/Content/EditorResources/LightIcons/S_LightError.uasset" 167
"../../../Engine/Content/EditorResources/SequenceRecorder/Countdown.uasset" 168
"../../../Engine/Content/EditorResources/SequenceRecorder/RecordingIndicator.uasset" 169
"../../../Engine/Content/EngineDamageTypes/DmgTypeBP_Environmental.uasset" 170
"../../../Engine/Content/EngineDebugMaterials/DebugEditorMaterial.uasset" 171
"../../../Engine/Content/EngineDebugMaterials/DebugMeshMaterial.uasset" 172
"../../../Engine/Content/EngineDebugMaterials/M_SimpleUnlitTranslucent.uasset" 173
"../../../Engine/Content/EngineDebugMaterials/VolumeToRender.uasset" 174
"../../../Engine/Content/Functions/Engine_MaterialFunctions02/Utility/CameraDirectionVector.uasset" 175
"../../../Engine/Content/EngineDebugMaterials/M_VolumeRenderSphereTracePP.uasset" 176
"../../../Engine/Content/Functions/Engine_MaterialFunctions01/Shading/ConvertFromDiffSpec.uasset" 177
"../../../Engine/Content/EngineDebugMaterials/VertexColorMaterial.uasset" 178
"../../../Engine/Content/EngineDebugMaterials/WireframeMaterial.uasset" 179
"../../../Engine/Content/EngineFonts/Faces/RobotoRegular.uasset" 180
"../../../Engine/Content/EngineFonts/Faces/RobotoLight.uasset" 181
"../../../Engine/Content/EngineFonts/Faces/RobotoItalic.uasset" 182
"../../../Engine/Content/EngineFonts/Faces/RobotoBoldItalic.uasset" 183
"../../../Engine/Content/EngineFonts/Faces/RobotoBold.uasset" 184
"../../../Engine/Content/EngineFonts/Faces/DroidSansFallback.uasset" 185
"../../../Engine/Content/EngineFonts/Roboto.uasset" 186
"../../../Engine/Content/EngineMaterials/BaseFlattenNormalMap.uasset" 187
"../../../Engine/Content/EngineMaterials/BaseFlattenGrayscaleMap.uasset" 188
"../../../Engine/Content/EngineMaterials/BaseFlattenEmissiveMap.uasset" 189
"../../../Engine/Content/EngineMaterials/BaseFlattenDiffuseMap.uasset" 190
"../../../Engine/Content/EngineMaterials/BaseFlattenMaterial.uasset" 191
"../../../Engine/Content/EngineMaterials/BlueNoise.uasset" 192
"../../../Engine/Content/EngineMaterials/DefaultBloomKernel.uasset" 193
"../../../Engine/Content/EngineMaterials/DefaultBokeh.uasset" 194
"../../../Engine/Content/EngineMaterials/DefaultDiffuse.uasset" 195
"../../../Engine/Content/EngineMaterials/DefaultDeferredDecalMaterial.uasset" 196
"../../../Engine/Content/EngineMaterials/DefaultLightFunctionMaterial.uasset" 197
"../../../Engine/Content/EngineMaterials/DefaultPhysicalMaterial.uasset" 198
"../../../Engine/Content/Functions/Engine_MaterialFunctions02/Utility/BreakOutFloat2Components.uasset" 199
"../../../Engine/Content/EngineMaterials/DefaultPostProcessMaterial.uasset" 200
"../../../Engine/Content/EngineFonts/RobotoDistanceField.uasset" 201
"../../../Engine/Content/EngineMaterials/DefaultTextMaterialOpaque.uasset" 202
"../../../Engine/Content/EngineMaterials/DefaultWhiteGrid.uasset" 203
"../../../Engine/Content/EngineMaterials/DefaultWhiteGrid_Low.uasset" 204
"../../../Engine/Content/EngineMaterials/EmissiveMeshMaterial.uasset" 205
"../../../Engine/Content/EngineMaterials/GizmoMaterial.uasset" 206
"../../../Engine/Content/EngineMaterials/Good64x64TilingNoiseHighFreq.uasset" 207
"../../../Engine/Content/EngineMaterials/MiniFont.uasset" 208
"../../../Engine/Content/EngineMaterials/InvalidLightmapSettings.uasset" 209
"../../../Engine/Content/EngineMaterials/M_InvalidLightmapSettings.uasset" 210
"../../../Engine/Content/Functions/Engine_MaterialFunctions02/WorldPositionOffset/CameraOffset.uasset" 211
"../../../Engine/Content/EngineMaterials/PhAT_JointLimitMaterial.uasset" 212
"../../../Engine/Content/EngineMaterials/PreintegratedSkinBRDF.uasset" 213
"../../../Engine/Content/EngineMaterials/RemoveSurfaceMaterial.uasset" 214
"../../../Engine/Content/EngineMaterials/WeightMapPlaceholderTexture.uasset" 215
"../../../Engine/Content/EngineResources/WhiteSquareTexture.uasset" 216
"../../../Engine/Content/EngineMaterials/Widget3DPassThrough.uasset" 217
"../../../Engine/Content/EngineMaterials/Widget3DPassThrough_Masked.uasset" 218
"../../../Engine/Content/EngineMaterials/Widget3DPassThrough_Opaque.uasset" 219
"../../../Engine/Content/EngineMaterials/Widget3DPassThrough_Masked_OneSided.uasset" 220
"../../../Engine/Content/EngineMaterials/Widget3DPassThrough_Opaque_OneSided.uasset" 221
"../../../Engine/Content/EngineMaterials/Widget3DPassThrough_Translucent.uasset" 222
"../../../Engine/Content/EngineMaterials/Widget3DPassThrough_Translucent_OneSided.uasset" 223
"../../../Engine/Content/EngineMeshes/Cylinder.uasset" 224
"../../../Engine/Content/EngineMeshes/Sphere.uasset" 225
"../../../Engine/Content/EngineResources/Black.uasset" 226
"../../../Engine/Content/EngineResources/DefaultTextureCube.uasset" 227
"../../../Engine/Content/EngineResources/DefaultVolumeTexture2D.uasset" 228
"../../../Engine/Content/EngineResources/DefaultVolumeTexture.uasset" 229
"../../../Engine/Content/EngineResources/GradientTexture0.uasset" 230
"../../../Engine/Content/EngineSky/VolumetricClouds/T_NoiseShape64.uasset" 231
"../../../Engine/Content/EngineSky/VolumetricClouds/T_VolumeNoiseShape64.uasset" 232
"../../../Engine/Content/EngineSky/VolumetricClouds/T_NoiseErosion.uasset" 233
"../../../Engine/Content/EngineSky/VolumetricClouds/T_VolumeNoiseErosion32.uasset" 234
"../../../Engine/Content/Functions/Engine_MaterialFunctions02/Utility/MakeFloat2.uasset" 235
"../../../Engine/Content/EngineSky/VolumetricClouds/CloudWeatherTexture.uasset" 236
"../../../Engine/Content/EngineSky/VolumetricClouds/CloudGradientTexture.uasset" 237
"../../../Engine/Content/EngineSky/VolumetricClouds/m_SimpleVolumetricCloud.uasset" 238
"../../../Engine/Content/EngineSky/VolumetricClouds/m_SimpleVolumetricCloud_Inst.uasset" 239
"../../../Engine/Content/EngineSounds/Master.uasset" 240
"../../../Engine/Content/Functions/Engine_MaterialFunctions01/Shading/PowerToRoughness.uasset" 241
"../../../Engine/Content/Maps/Templates/Thumbnails/Default.uasset" 242
"../../../Engine/Content/Maps/Templates/Thumbnails/TimeOfDay.uasset" 243
"../../../Engine/Content/Maps/Templates/Thumbnails/VR-Basic.uasset" 244
"../../../Engine/Content/MobileResources/T_MobileControls_texture.uasset" 245
"../../../Engine/Content/MobileResources/T_MobileMenu2.uasset" 246
"../../../Engine/Content/MobileResources/HUD/AnalogHat.uasset" 247
"../../../Engine/Content/MobileResources/HUD/VirtualJoystick_Thumb.uasset" 248
"../../../Engine/Content/MobileResources/HUD/VirtualJoystick_Background.uasset" 249
"../../../Engine/Content/MobileResources/HUD/DefaultVirtualJoysticks.uasset" 250
"../../../Engine/Content/MobileResources/HUD/LeftVirtualJoystickOnly.uasset" 251
"../../../Engine/Content/MobileResources/HUD/MobileHUDButton1_off.uasset" 252
"../../../Engine/Content/MobileResources/HUD/MobileHUDButton1_on.uasset" 253
"../../../Engine/Content/MobileResources/HUD/MobileHUDButton2_off.uasset" 254
"../../../Engine/Content/MobileResources/HUD/MobileHUDButton2_on.uasset" 255
"../../../Engine/Content/MobileResources/HUD/MobileHUDButton3.uasset" 256
"../../../Engine/Content/MobileResources/HUD/MobileHUDButtonFire.uasset" 257
"../../../Engine/Content/MobileResources/HUD/MobileHUDDirectionPad.uasset" 258
"../../../Engine/Content/MobileResources/HUD/MobileHUDDirectionPad2.uasset" 259
"../../../Engine/Content/MobileResources/HUD/MobileHUDDirectionPad3.uasset" 260
"../../../Engine/Content/MobileResources/HUD/MobileHUDDirectionStick.uasset" 261
"../../../Engine/Content/MobileResources/HUD/T_Castle_ThumbstickInner.uasset" 262
"../../../Engine/Content/MobileResources/HUD/T_Castle_ThumbstickOutter.uasset" 263
"../../../Engine/Content/Tutorial/ContentIntroCurve.uasset" 264
"../../../Engine/Content/Tutorial/Basics/LevelEditorAttract.uasset" 265
"../../../Engine/Content/Tutorial/Basics/TutorialAssets/icon_tab_Levels_40x.uasset" 266
"../../../Engine/Content/Tutorial/Basics/LevelEditorOverview.uasset" 267
"../../../Engine/Content/Tutorial/BlueprintTutorials/TutorialAssets/Blueprint_64x.uasset" 268
"../../../Engine/Content/Tutorial/BlueprintTutorials/BlueprintEditorTutorial.uasset" 269
"../../../Engine/Content/VREditor/TransformGizmo/TranslucentTransformGizmoMaterial.uasset" 270
"../../../Engine/Content/VREditor/LaserPointer/VR_LaserPower_01.uasset" 271
"../../../Engine/Content/VREditor/TransformGizmo/TransformGizmoMaterial.uasset" 272
"../../../Engine/Content/VREditor/TransformGizmo/BoundingBoxCorner.uasset" 273
"../../../Engine/Content/VREditor/TransformGizmo/BoundingBoxEdge.uasset" 274
"../../../Engine/Content/VREditor/TransformGizmo/PlaneTranslationHandle.uasset" 275
"../../../Engine/Content/VREditor/TransformGizmo/Xray.uasset" 276
"../../../Engine/Content/VREditor/TransformGizmo/Main.uasset" 277
"../../../Engine/Content/VREditor/TransformGizmo/SM_Sequencer_Key.uasset" 278
"../../../Engine/Content/VREditor/TransformGizmo/SM_Sequencer_Node.uasset" 279
"../../Plugins/2D/Paper2D/Content/PlaceholderTextures/DummySpriteTexture.uasset" 280
"../../Plugins/2D/Paper2D/Content/DummySprite.uasset" 281
"../../Plugins/2D/Paper2D/Content/DefaultPaperTerrainMaterial.uasset" 282
"../../Plugins/2D/Paper2D/Content/DefaultSpriteMaterial.uasset" 283
"../../Plugins/2D/Paper2D/Content/MaskedUnlitSpriteMaterial.uasset" 284
"../../Plugins/2D/Paper2D/Content/OpaqueUnlitSpriteMaterial.uasset" 285
"../../../Engine/Content/ArtTools/RenderToTexture/Materials/Debug/M_Emissive_Color.uasset" 286
"../../../Engine/Content/BasicShapes/Cylinder.uasset" 287
"../../Plugins/Lumin/MagicLeapPassableWorld/Content/MagicLeapARPinInfoActor.uasset" 288
"../../../Engine/Content/Functions/Engine_MaterialFunctions02/ObjectLocalBounds.uasset" 289
"../../../Engine/Content/Functions/Engine_MaterialFunctions02/Utility/BreakOutFloat3Components.uasset" 290
"../../Plugins/Editor/SpeedTreeImporter/Content/SpeedTree9/UnpackInteger3.uasset" 291
"../../Plugins/Editor/SpeedTreeImporter/Content/SpeedTree9/UnpackDirection.uasset" 292
"../../Plugins/Editor/SpeedTreeImporter/Content/SpeedTree9/game_wind_noise.uasset" 293
"../../../Engine/Content/Functions/Engine_MaterialFunctions02/SafeNormalize.uasset" 294
"../../Plugins/Editor/SpeedTreeImporter/Content/SpeedTree9/SpeedTreeWindMotion.uasset" 295
"../../Plugins/Editor/SpeedTreeImporter/Content/SpeedTree9/SpeedTreeBranchMotion.uasset" 296
"../../../Engine/Content/Functions/Engine_MaterialFunctions02/UVs/BoundingBoxBased_0-1_UVW.uasset" 297
"../../Plugins/Editor/SpeedTreeImporter/Content/SpeedTree9/SpeedTreeWind.uasset" 298
"../../Plugins/Editor/SpeedTreeImporter/Content/SpeedTree9/SpeedTreeBillboard.uasset" 299
"../../../Engine/Content/EngineResources/DefaultTexture.uasset" 300
"../../Plugins/Editor/SpeedTreeImporter/Content/SpeedTree9/SpeedTreeBillboardMaster.uasset" 301
"../../Plugins/Editor/SpeedTreeImporter/Content/SpeedTree9/SpeedTreeCameraFacing.uasset" 302
"../../Plugins/Editor/SpeedTreeImporter/Content/SpeedTree9/SpeedTreeMaster.uasset" 303
"../../../../../../uue projects/wall climbing game/EvaluationGame/Content/StarterContent/HDRI/HDRI_Epic_Courtyard_Daylight.uasset" 304
"../../../Engine/Content/MapTemplates/Sky/DaylightAmbientCubemap.uasset" 305
"../../../../../../uue projects/wall climbing game/EvaluationGame/Content/StarterContent/Blueprints/Assets/M_LightStage_Skybox_Master.uasset" 306
"../../../../../../uue projects/wall climbing game/EvaluationGame/Content/StarterContent/Blueprints/Assets/M_LightStage_Skybox_HDRI.uasset" 307
"../../../../../../uue projects/wall climbing game/EvaluationGame/Content/StarterContent/Blueprints/Assets/M_LightStage_Arrows.uasset" 308
"../../../../../../uue projects/wall climbing game/EvaluationGame/Content/StarterContent/Blueprints/Assets/SM_Arrows.uasset" 309
"../../../Engine/Content/EditorMaterials/Thumbnails/SkySphereMaterial.uasset" 310
"../../../../../../uue projects/wall climbing game/EvaluationGame/Content/StarterContent/Blueprints/Assets/Skybox.uasset" 311
"../../../../../../uue projects/wall climbing game/EvaluationGame/Content/StarterContent/Blueprints/Assets/M_LightStage_Skybox_Black.uasset" 312
"../../../../../../uue projects/wall climbing game/EvaluationGame/Content/StarterContent/Blueprints/Assets/SunlightColorLUT.uasset" 313
"../../../../../../uue projects/wall climbing game/EvaluationGame/Content/StarterContent/Blueprints/Assets/FogBrightnessLUT.uasset" 314
"../../../../../../uue projects/wall climbing game/EvaluationGame/Content/StarterContent/Blueprints/BP_LightStudio.uasset" 315
"../../../../../../uue projects/wall climbing game/EvaluationGame/Content/StarterContent/Materials/M_AssetPlatform.uasset" 316
"../../../../../../uue projects/wall climbing game/EvaluationGame/Content/StarterContent/Architecture/SM_AssetPlatform.uasset" 317
"../../../Engine/Content/EditorMeshes/ColorCalibrator/M_GreyBall.uasset" 318
"../../../Engine/Content/EditorMeshes/ColorCalibrator/Color_checker.uasset" 319
"../../../Engine/Content/EditorMeshes/ColorCalibrator/M_ColorGrid.uasset" 320
"../../../Engine/Content/EditorMeshes/ColorCalibrator/M_ClearCoatBlack.uasset" 321
"../../../Engine/Content/EditorMeshes/ColorCalibrator/M_ClearCoat.uasset" 322
"../../../Engine/Content/EditorMeshes/ColorCalibrator/M_ChromeBall.uasset" 323
"../../../Engine/Content/EditorMeshes/ColorCalibrator/SM_ColorCalibrator.uasset" 324
"../../../../../../uue projects/wall climbing game/EvaluationGame/Content/StarterContent/Maps/Advanced_Lighting_BuiltData.uasset" 325
"../../../../../../uue projects/wall climbing game/EvaluationGame/Content/StarterContent/Maps/Advanced_Lighting.umap" 326
"../../../../../../uue projects/wall climbing game/EvaluationGame/Content/StarterContent/Audio/Starter_Background_Cue.uasset" 327
"../../../../../../uue projects/wall climbing game/EvaluationGame/Content/StarterContent/Architecture/Floor_400x400.uasset" 328
"../../../../../../uue projects/wall climbing game/EvaluationGame/Content/StarterContent/Textures/T_TableRound_N.uasset" 329
"../../../../../../uue projects/wall climbing game/EvaluationGame/Content/StarterContent/Textures/T_TableRound_M.uasset" 330
"../../../../../../uue projects/wall climbing game/EvaluationGame/Content/StarterContent/Props/Materials/M_TableRound.uasset" 331
"../../../../../../uue projects/wall climbing game/EvaluationGame/Content/StarterContent/Props/SM_TableRound.uasset" 332
"../../../../../../uue projects/wall climbing game/EvaluationGame/Content/StarterContent/Textures/T_Statue_N.uasset" 333
"../../../../../../uue projects/wall climbing game/EvaluationGame/Content/StarterContent/Textures/T_Statue_M.uasset" 334
"../../../../../../uue projects/wall climbing game/EvaluationGame/Content/StarterContent/Props/Materials/M_Statue.uasset" 335
"../../../../../../uue projects/wall climbing game/EvaluationGame/Content/StarterContent/Props/Materials/M_StatueGlass.uasset" 336
"../../../../../../uue projects/wall climbing game/EvaluationGame/Content/StarterContent/Props/SM_Statue.uasset" 337
"../../../../../../uue projects/wall climbing game/EvaluationGame/Content/StarterContent/Props/SM_Chair.uasset" 338
"../../../../../../uue projects/wall climbing game/EvaluationGame/Content/StarterContent/Textures/T_Metal_Copper_D.uasset" 339
"../../../../../../uue projects/wall climbing game/EvaluationGame/Content/StarterContent/Textures/T_Metal_Gold_N.uasset" 340
"../../../../../../uue projects/wall climbing game/EvaluationGame/Content/StarterContent/Textures/T_MacroVariation.uasset" 341
"../../../../../../uue projects/wall climbing game/EvaluationGame/Content/StarterContent/Materials/M_Metal_Copper.uasset" 342
"../../../../../../uue projects/wall climbing game/EvaluationGame/Content/StarterContent/Textures/T_Metal_Aluminum_D.uasset" 343
"../../../../../../uue projects/wall climbing game/EvaluationGame/Content/StarterContent/Materials/M_Metal_Burnished_Steel.uasset" 344
"../../../../../../uue projects/wall climbing game/EvaluationGame/Content/StarterContent/Materials/M_Metal_Brushed_Nickel.uasset" 345
"../../../Engine/Content/EngineSky/T_Sky_Stars.uasset" 346
"../../../Engine/Content/EngineSky/T_Sky_Clouds_M.uasset" 347
"../../../Engine/Content/EngineSky/T_Sky_Blue.uasset" 348
"../../../Engine/Content/EngineSky/M_Sky_Panning_Clouds2.uasset" 349
"../../../../../../uue projects/wall climbing game/EvaluationGame/Content/StarterContent/Maps/Minimal_Default_BuiltData.uasset" 350
"../../../Engine/Content/EngineSky/SM_SkySphere.uasset" 351
"../../../Engine/Content/EngineSky/C_Sky_Zenith_Color.uasset" 352
"../../../Engine/Content/EngineSky/C_Sky_Horizon_Color.uasset" 353
"../../../Engine/Content/EngineSky/C_Sky_Cloud_Color.uasset" 354
"../../../Engine/Content/EngineSky/BP_Sky_Sphere.uasset" 355
"../../../../../../uue projects/wall climbing game/EvaluationGame/Content/StarterContent/Maps/Minimal_Default.umap" 356
"../../../../../../uue projects/wall climbing game/EvaluationGame/Content/StarterContent/Textures/T_Lamp_N.uasset" 357
"../../../../../../uue projects/wall climbing game/EvaluationGame/Content/StarterContent/Textures/T_Lamp_M.uasset" 358
"../../../../../../uue projects/wall climbing game/EvaluationGame/Content/StarterContent/Props/Materials/M_Lamp.uasset" 359
"../../../../../../uue projects/wall climbing game/EvaluationGame/Content/StarterContent/Props/SM_Lamp_Wall.uasset" 360
"../../../../../../uue projects/wall climbing game/EvaluationGame/Content/StarterContent/Blueprints/Blueprint_WallSconce.uasset" 361
"../../../../../../uue projects/wall climbing game/EvaluationGame/Content/StarterContent/Particles/P_Steam_Lit.uasset" 362
"../../../../../../uue projects/wall climbing game/EvaluationGame/Content/StarterContent/Audio/Steam01_Cue.uasset" 363
"../../../../../../uue projects/wall climbing game/EvaluationGame/Content/StarterContent/Blueprints/Blueprint_Effect_Steam.uasset" 364
"../../../../../../uue projects/wall climbing game/EvaluationGame/Content/StarterContent/Textures/T_Spark_Core.uasset" 365
"../../../../../../uue projects/wall climbing game/EvaluationGame/Content/StarterContent/Particles/Materials/M_Spark.uasset" 366
"../../../../../../uue projects/wall climbing game/EvaluationGame/Content/StarterContent/Particles/Materials/M_Radial_Gradient.uasset" 367
"../../../../../../uue projects/wall climbing game/EvaluationGame/Content/StarterContent/Particles/P_Sparks.uasset" 368
"../../../../../../uue projects/wall climbing game/EvaluationGame/Content/StarterContent/Audio/Fire_Sparks01_Cue.uasset" 369
"../../../../../../uue projects/wall climbing game/EvaluationGame/Content/StarterContent/Blueprints/Blueprint_Effect_Sparks.uasset" 370
"../../../../../../uue projects/wall climbing game/EvaluationGame/Content/StarterContent/Particles/P_Smoke.uasset" 371
"../../../../../../uue projects/wall climbing game/EvaluationGame/Content/StarterContent/Audio/Smoke01_Cue.uasset" 372
"../../../../../../uue projects/wall climbing game/EvaluationGame/Content/StarterContent/Blueprints/Blueprint_Effect_Smoke.uasset" 373
"../../../../../../uue projects/wall climbing game/EvaluationGame/Content/StarterContent/Textures/T_Water_N.uasset" 374
"../../../../../../uue projects/wall climbing game/EvaluationGame/Content/StarterContent/Particles/Materials/M_Heat_Distortion.uasset" 375
"../../../../../../uue projects/wall climbing game/EvaluationGame/Content/StarterContent/Textures/T_Fire_Tiled_D.uasset" 376
"../../../../../../uue projects/wall climbing game/EvaluationGame/Content/StarterContent/Textures/T_Fire_SubUV.uasset" 377
"../../../../../../uue projects/wall climbing game/EvaluationGame/Content/StarterContent/Particles/Materials/M_Fire_SubUV.uasset" 378
"../../../../../../uue projects/wall climbing game/EvaluationGame/Content/StarterContent/Particles/P_Fire.uasset" 379
"../../../../../../uue projects/wall climbing game/EvaluationGame/Content/StarterContent/Audio/Fire01_Cue.uasset" 380
"../../../../../../uue projects/wall climbing game/EvaluationGame/Content/StarterContent/Blueprints/Blueprint_Effect_Fire.uasset" 381
"../../../../../../uue projects/wall climbing game/EvaluationGame/Content/StarterContent/Props/SM_Lamp_Ceiling.uasset" 382
"../../../../../../uue projects/wall climbing game/EvaluationGame/Content/StarterContent/Blueprints/Blueprint_CeilingLight.uasset" 383
"../../../../../../uue projects/wall climbing game/EvaluationGame/Content/StarterContent/Audio/Starter_Music_Cue.uasset" 384
"../../../../../../uue projects/wall climbing game/EvaluationGame/Content/StarterContent/Audio/Collapse_Cue.uasset" 385
"../../../../../../uue projects/wall climbing game/EvaluationGame/Content/StarterContent/Architecture/Wall_Window_400x300.uasset" 386
"../../../../../../uue projects/wall climbing game/EvaluationGame/Content/StarterContent/Architecture/Wall_Door_400x300.uasset" 387
"../../../../../../uue projects/wall climbing game/EvaluationGame/Content/StarterContent/Architecture/Wall_400x200.uasset" 388
"../../../../../../uue projects/wall climbing game/EvaluationGame/Content/StarterContent/Shapes/Shape_Sphere.uasset" 389
"../../../../../../uue projects/wall climbing game/EvaluationGame/Content/StarterContent/Shapes/Shape_QuadPyramid.uasset" 390
"../../../../../../uue projects/wall climbing game/EvaluationGame/Content/StarterContent/Shapes/Shape_Cube.uasset" 391
"../../../../../../uue projects/wall climbing game/EvaluationGame/Content/StarterContent/Textures/T_Frame_N.uasset" 392
"../../../../../../uue projects/wall climbing game/EvaluationGame/Content/StarterContent/Textures/T_Frame_M.uasset" 393
"../../../../../../uue projects/wall climbing game/EvaluationGame/Content/StarterContent/Props/Materials/M_Frame.uasset" 394
"../../../../../../uue projects/wall climbing game/EvaluationGame/Content/StarterContent/Props/SM_WindowFrame.uasset" 395
"../../../../../../uue projects/wall climbing game/EvaluationGame/Content/StarterContent/Props/SM_PillarFrame300.uasset" 396
"../../../../../../uue projects/wall climbing game/EvaluationGame/Content/StarterContent/Props/SM_PillarFrame.uasset" 397
"../../../../../../uue projects/wall climbing game/EvaluationGame/Content/StarterContent/Props/SM_GlassWindow.uasset" 398
"../../../../../../uue projects/wall climbing game/EvaluationGame/Content/StarterContent/Props/SM_DoorFrame.uasset" 399
"../../../../../../uue projects/wall climbing game/EvaluationGame/Content/StarterContent/Props/SM_CornerFrame.uasset" 400
"../../../../../../uue projects/wall climbing game/EvaluationGame/Content/StarterContent/Props/MaterialSphere.uasset" 401
"../../../../../../uue projects/wall climbing game/EvaluationGame/Content/StarterContent/Textures/T_Dust_Particle_D.uasset" 402
"../../../../../../uue projects/wall climbing game/EvaluationGame/Content/StarterContent/Particles/Materials/M_Dust_Particle.uasset" 403
"../../../../../../uue projects/wall climbing game/EvaluationGame/Content/StarterContent/Particles/P_Ambient_Dust.uasset" 404
"../../../../../../uue projects/wall climbing game/EvaluationGame/Content/StarterContent/Textures/T_Wood_Walnut_N.uasset" 405
"../../../../../../uue projects/wall climbing game/EvaluationGame/Content/StarterContent/Textures/T_Wood_Walnut_D.uasset" 406
"../../../../../../uue projects/wall climbing game/EvaluationGame/Content/StarterContent/Materials/M_Wood_Walnut.uasset" 407
"../../../../../../uue projects/wall climbing game/EvaluationGame/Content/StarterContent/Textures/T_Wood_Pine_N.uasset" 408
"../../../../../../uue projects/wall climbing game/EvaluationGame/Content/StarterContent/Textures/T_Wood_Pine_D.uasset" 409
"../../../../../../uue projects/wall climbing game/EvaluationGame/Content/StarterContent/Textures/T_Perlin_Noise_M.uasset" 410
"../../../../../../uue projects/wall climbing game/EvaluationGame/Content/StarterContent/Materials/M_Wood_Pine.uasset" 411
"../../../../../../uue projects/wall climbing game/EvaluationGame/Content/StarterContent/Textures/T_Wood_Oak_N.uasset" 412
"../../../../../../uue projects/wall climbing game/EvaluationGame/Content/StarterContent/Textures/T_Wood_Oak_D.uasset" 413
"../../../../../../uue projects/wall climbing game/EvaluationGame/Content/StarterContent/Materials/M_Wood_Oak.uasset" 414
"../../../Engine/Content/Functions/Engine_MaterialFunctions01/Opacity/AlphaOffset.uasset" 415
"../../../../../../uue projects/wall climbing game/EvaluationGame/Content/StarterContent/Textures/T_Wood_Floor_Walnut_N.uasset" 416
"../../../../../../uue projects/wall climbing game/EvaluationGame/Content/StarterContent/Textures/T_Wood_Floor_Walnut_M.uasset" 417
"../../../../../../uue projects/wall climbing game/EvaluationGame/Content/StarterContent/Textures/T_Wood_Floor_Walnut_D.uasset" 418
"../../../../../../uue projects/wall climbing game/EvaluationGame/Content/StarterContent/Materials/M_Wood_Floor_Walnut_Worn.uasset" 419
"../../../../../../uue projects/wall climbing game/EvaluationGame/Content/StarterContent/Materials/M_Wood_Floor_Walnut_Polished.uasset" 420
"../../../../../../uue projects/wall climbing game/EvaluationGame/Content/StarterContent/Textures/T_Water_M.uasset" 421
"../../../../../../uue projects/wall climbing game/EvaluationGame/Content/StarterContent/Materials/M_Water_Ocean.uasset" 422
"../../../../../../uue projects/wall climbing game/EvaluationGame/Content/StarterContent/Materials/M_Water_Lake.uasset" 423
"../../../../../../uue projects/wall climbing game/EvaluationGame/Content/StarterContent/Textures/T_Tech_Panel_N.uasset" 424
"../../../../../../uue projects/wall climbing game/EvaluationGame/Content/StarterContent/Textures/T_Tech_Panel_M.uasset" 425
"../../../../../../uue projects/wall climbing game/EvaluationGame/Content/StarterContent/Textures/T_Metal_Steel_D.uasset" 426
"../../../../../../uue projects/wall climbing game/EvaluationGame/Content/StarterContent/Materials/M_Tech_Panel.uasset" 427
"../../../../../../uue projects/wall climbing game/EvaluationGame/Content/StarterContent/Textures/T_Tech_Hex_Tile_N.uasset" 428
"../../../../../../uue projects/wall climbing game/EvaluationGame/Content/StarterContent/Textures/T_Tech_Hex_Tile_M.uasset" 429
"../../../../../../uue projects/wall climbing game/EvaluationGame/Content/StarterContent/Materials/M_Tech_Hex_Tile_Pulse.uasset" 430
"../../../../../../uue projects/wall climbing game/EvaluationGame/Content/StarterContent/Materials/M_Tech_Hex_Tile.uasset" 431
"../../../../../../uue projects/wall climbing game/EvaluationGame/Content/StarterContent/Textures/T_Tech_Dot_N.uasset" 432
"../../../../../../uue projects/wall climbing game/EvaluationGame/Content/StarterContent/Textures/T_Tech_Dot_M.uasset" 433
"../../../../../../uue projects/wall climbing game/EvaluationGame/Content/StarterContent/Textures/T_Single_Tile_N.uasset" 434
"../../../../../../uue projects/wall climbing game/EvaluationGame/Content/StarterContent/Textures/T_Checker_Noise_M.uasset" 435
"../../../../../../uue projects/wall climbing game/EvaluationGame/Content/StarterContent/Materials/M_Tech_Checker_Dot.uasset" 436
"../../../../../../uue projects/wall climbing game/EvaluationGame/Content/StarterContent/Textures/T_Rock_Slate_N.uasset" 437
"../../../../../../uue projects/wall climbing game/EvaluationGame/Content/StarterContent/Textures/T_Rock_Slate_D.uasset" 438
"../../../../../../uue projects/wall climbing game/EvaluationGame/Content/StarterContent/Materials/M_Rock_Slate.uasset" 439
"../../../../../../uue projects/wall climbing game/EvaluationGame/Content/StarterContent/Textures/T_Rock_Sandstone_N.uasset" 440
"../../../../../../uue projects/wall climbing game/EvaluationGame/Content/StarterContent/Textures/T_Rock_Sandstone_D.uasset" 441
"../../../../../../uue projects/wall climbing game/EvaluationGame/Content/StarterContent/Materials/M_Rock_Sandstone.uasset" 442
"../../../../../../uue projects/wall climbing game/EvaluationGame/Content/StarterContent/Textures/T_Rock_Marble_Polished_D.uasset" 443
"../../../../../../uue projects/wall climbing game/EvaluationGame/Content/StarterContent/Materials/M_Rock_Marble_Polished.uasset" 444
"../../../../../../uue projects/wall climbing game/EvaluationGame/Content/StarterContent/Textures/T_Rock_Basalt_N.uasset" 445
"../../../../../../uue projects/wall climbing game/EvaluationGame/Content/StarterContent/Materials/M_Rock_Basalt.uasset" 446
"../../../../../../uue projects/wall climbing game/EvaluationGame/Content/StarterContent/Textures/T_Metal_Steel_N.uasset" 447
"../../../../../../uue projects/wall climbing game/EvaluationGame/Content/StarterContent/Materials/M_Metal_Steel.uasset" 448
"../../../../../../uue projects/wall climbing game/EvaluationGame/Content/StarterContent/Textures/T_Metal_Rust_D.uasset" 449
"../../../../../../uue projects/wall climbing game/EvaluationGame/Content/StarterContent/Textures/T_Metal_Rust_N.uasset" 450
"../../../../../../uue projects/wall climbing game/EvaluationGame/Content/StarterContent/Materials/M_Metal_Rust.uasset" 451
"../../../../../../uue projects/wall climbing game/EvaluationGame/Content/StarterContent/Textures/T_Metal_Gold_D.uasset" 452
"../../../../../../uue projects/wall climbing game/EvaluationGame/Content/StarterContent/Materials/M_Metal_Gold.uasset" 453
"../../../../../../uue projects/wall climbing game/EvaluationGame/Content/StarterContent/Materials/M_Metal_Chrome.uasset" 454
"../../../../../../uue projects/wall climbing game/EvaluationGame/Content/StarterContent/Textures/T_Ground_Moss_N.uasset" 455
"../../../../../../uue projects/wall climbing game/EvaluationGame/Content/StarterContent/Textures/T_ground_Moss_D.uasset" 456
"../../../../../../uue projects/wall climbing game/EvaluationGame/Content/StarterContent/Materials/M_Ground_Moss.uasset" 457
"../../../../../../uue projects/wall climbing game/EvaluationGame/Content/StarterContent/Textures/T_Ground_Gravel_N.uasset" 458
"../../../../../../uue projects/wall climbing game/EvaluationGame/Content/StarterContent/Textures/T_Ground_Gravel_D.uasset" 459
"../../../../../../uue projects/wall climbing game/EvaluationGame/Content/StarterContent/Materials/M_Ground_Gravel.uasset" 460
"../../../../../../uue projects/wall climbing game/EvaluationGame/Content/StarterContent/Textures/T_Ground_Grass_N.uasset" 461
"../../../../../../uue projects/wall climbing game/EvaluationGame/Content/StarterContent/Textures/T_Ground_Grass_D.uasset" 462
"../../../../../../uue projects/wall climbing game/EvaluationGame/Content/StarterContent/Materials/M_Ground_Grass.uasset" 463
"../../../../../../uue projects/wall climbing game/EvaluationGame/Content/StarterContent/Textures/T_Concrete_Tiles_Variation_M.uasset" 464
"../../../../../../uue projects/wall climbing game/EvaluationGame/Content/StarterContent/Textures/T_Concrete_Tiles_N.uasset" 465
"../../../../../../uue projects/wall climbing game/EvaluationGame/Content/StarterContent/Textures/T_Concrete_Tiles_M.uasset" 466
"../../../../../../uue projects/wall climbing game/EvaluationGame/Content/StarterContent/Textures/T_Concrete_Tiles_D.uasset" 467
"../../../../../../uue projects/wall climbing game/EvaluationGame/Content/StarterContent/Materials/M_Concrete_Tiles.uasset" 468
"../../../../../../uue projects/wall climbing game/EvaluationGame/Content/StarterContent/Textures/T_Concrete_Panels_N.uasset" 469
"../../../../../../uue projects/wall climbing game/EvaluationGame/Content/StarterContent/Textures/T_Concrete_Panels_D.uasset" 470
"../../../../../../uue projects/wall climbing game/EvaluationGame/Content/StarterContent/Materials/M_Concrete_Panels.uasset" 471
"../../../../../../uue projects/wall climbing game/EvaluationGame/Content/StarterContent/Textures/T_Concrete_Grime_D.uasset" 472
"../../../../../../uue projects/wall climbing game/EvaluationGame/Content/StarterContent/Materials/M_Concrete_Grime.uasset" 473
"../../../../../../uue projects/wall climbing game/EvaluationGame/Content/StarterContent/Textures/T_CobbleStone_Smooth_N.uasset" 474
"../../../../../../uue projects/wall climbing game/EvaluationGame/Content/StarterContent/Textures/T_CobbleStone_Smooth_M.uasset" 475
"../../../../../../uue projects/wall climbing game/EvaluationGame/Content/StarterContent/Textures/T_CobbleStone_Smooth_D.uasset" 476
"../../../../../../uue projects/wall climbing game/EvaluationGame/Content/StarterContent/Textures/T_Rock_Smooth_Granite_D.uasset" 477
"../../../../../../uue projects/wall climbing game/EvaluationGame/Content/StarterContent/Textures/T_Gradinet_01.uasset" 478
"../../../../../../uue projects/wall climbing game/EvaluationGame/Content/StarterContent/Materials/M_CobbleStone_Smooth.uasset" 479
"../../../../../../uue projects/wall climbing game/EvaluationGame/Content/StarterContent/Textures/T_CobbleStone_Rough_N.uasset" 480
"../../../../../../uue projects/wall climbing game/EvaluationGame/Content/StarterContent/Textures/T_CobbleStone_Rough_D.uasset" 481
"../../../../../../uue projects/wall climbing game/EvaluationGame/Content/StarterContent/Materials/M_CobbleStone_Rough.uasset" 482
"../../../../../../uue projects/wall climbing game/EvaluationGame/Content/StarterContent/Textures/T_CobbleStone_Pebble_N.uasset" 483
"../../../../../../uue projects/wall climbing game/EvaluationGame/Content/StarterContent/Textures/T_CobbleStone_Pebble_M.uasset" 484
"../../../../../../uue projects/wall climbing game/EvaluationGame/Content/StarterContent/Textures/T_CobbleStone_Pebble_D.uasset" 485
"../../../../../../uue projects/wall climbing game/EvaluationGame/Content/StarterContent/Materials/M_CobbleStone_Pebble.uasset" 486
"../../../../../../uue projects/wall climbing game/EvaluationGame/Content/StarterContent/Textures/T_Ceramic_Tile_N.uasset" 487
"../../../../../../uue projects/wall climbing game/EvaluationGame/Content/StarterContent/Textures/T_Ceramic_Tile_M.uasset" 488
"../../../../../../uue projects/wall climbing game/EvaluationGame/Content/StarterContent/Materials/M_Ceramic_Tile_Checker.uasset" 489
"../../../../../../uue projects/wall climbing game/EvaluationGame/Content/StarterContent/Textures/T_Brick_Hewn_Stone_N.uasset" 490
"../../../../../../uue projects/wall climbing game/EvaluationGame/Content/StarterContent/Textures/T_Brick_Hewn_Stone_M.uasset" 491
"../../../../../../uue projects/wall climbing game/EvaluationGame/Content/StarterContent/Textures/T_Brick_Hewn_Stone_D.uasset" 492
"../../../../../../uue projects/wall climbing game/EvaluationGame/Content/StarterContent/Materials/M_Brick_Hewn_Stone.uasset" 493
"../../../../../../uue projects/wall climbing game/EvaluationGame/Content/StarterContent/Textures/T_Brick_Cut_Stone_N.uasset" 494
"../../../../../../uue projects/wall climbing game/EvaluationGame/Content/StarterContent/Textures/T_Brick_Cut_Stone_D.uasset" 495
"../../../../../../uue projects/wall climbing game/EvaluationGame/Content/StarterContent/Materials/M_Brick_Cut_Stone.uasset" 496
"../../../../../../uue projects/wall climbing game/EvaluationGame/Content/StarterContent/Textures/T_Brick_Clay_Old_N.uasset" 497
"../../../../../../uue projects/wall climbing game/EvaluationGame/Content/StarterContent/Textures/T_Brick_Clay_Old_D.uasset" 498
"../../../../../../uue projects/wall climbing game/EvaluationGame/Content/StarterContent/Materials/M_Brick_Clay_Old.uasset" 499
"../../../../../../uue projects/wall climbing game/EvaluationGame/Content/StarterContent/Textures/T_Brick_Clay_New_N.uasset" 500
"../../../../../../uue projects/wall climbing game/EvaluationGame/Content/StarterContent/Textures/T_Brick_Clay_New_M.uasset" 501
"../../../../../../uue projects/wall climbing game/EvaluationGame/Content/StarterContent/Textures/T_Brick_Clay_New_D.uasset" 502
"../../../../../../uue projects/wall climbing game/EvaluationGame/Content/StarterContent/Materials/M_Brick_Clay_New.uasset" 503
"../../../../../../uue projects/wall climbing game/EvaluationGame/Content/StarterContent/Textures/T_Brick_Clay_Beveled_N.uasset" 504
"../../../../../../uue projects/wall climbing game/EvaluationGame/Content/StarterContent/Textures/T_Brick_Clay_Beveled_M.uasset" 505
"../../../../../../uue projects/wall climbing game/EvaluationGame/Content/StarterContent/Textures/T_Brick_Clay_Beveled_D.uasset" 506
"../../../../../../uue projects/wall climbing game/EvaluationGame/Content/StarterContent/Materials/M_Brick_Clay_Beveled.uasset" 507
"../../../Engine/Content/Functions/Engine_MaterialFunctions03/Procedurals/ComputeFilterWidth.uasset" 508
"../../../Engine/Content/EngineMaterials/AntiAliasedTextMaterialTranslucent.uasset" 509
"../../../../../../uue projects/wall climbing game/EvaluationGame/Content/StarterContent/Maps/StarterMap_BuiltData.uasset" 510
"../../../../../../uue projects/wall climbing game/EvaluationGame/Content/StarterContent/Textures/T_Concrete_Poured_N.uasset" 511
"../../../../../../uue projects/wall climbing game/EvaluationGame/Content/StarterContent/Textures/T_Concrete_Poured_D.uasset" 512
"../../../../../../uue projects/wall climbing game/EvaluationGame/Content/StarterContent/Materials/M_Concrete_Poured.uasset" 513
"../../../../../../uue projects/wall climbing game/EvaluationGame/Content/StarterContent/Maps/StarterMap.umap" 514
"../../../../../../uue projects/wall climbing game/EvaluationGame/Content/ThirdPersonCPP/UMG/Evaluation_End.uasset" 515
"../../../../../../uue projects/wall climbing game/EvaluationGame/Content/ThirdPersonCPP/Maps/EvaluationEnd.umap" 516
"../../../../../../uue projects/wall climbing game/EvaluationGame/Content/ThirdPersonCPP/UMG/Evaluation_Start.uasset" 517
"../../../../../../uue projects/wall climbing game/EvaluationGame/Content/ThirdPersonCPP/Maps/EvaluationStart.umap" 518
"../../../../../../uue projects/wall climbing game/EvaluationGame/Content/ThirdPersonCPP/Maps/EvaluationMain_BuiltData.uasset" 519
"../../../../../../uue projects/wall climbing game/EvaluationGame/Content/Geometry/Meshes/CubeMaterial.uasset" 520
"../../../../../../uue projects/wall climbing game/EvaluationGame/Content/Geometry/Meshes/1M_Cube_Chamfer.uasset" 521
"../../../../../../uue projects/wall climbing game/EvaluationGame/Content/Geometry/Meshes/1M_Cube.uasset" 522
"../../../../../../uue projects/wall climbing game/EvaluationGame/Content/Mannequin/Character/Mesh/SK_Mannequin_Female_PhysicsAsset.uasset" 523
"../../../../../../uue projects/wall climbing game/EvaluationGame/Content/Mannequin/Character/Textures/T_Female_N.uasset" 524
"../../../../../../uue projects/wall climbing game/EvaluationGame/Content/Mannequin/Character/Textures/T_Female_Mask.uasset" 525
"../../../../../../uue projects/wall climbing game/EvaluationGame/Content/Mannequin/Character/Materials/MI_Female_Body.uasset" 526
"../../../../../../uue projects/wall climbing game/EvaluationGame/Content/Mannequin/Character/Mesh/SK_Mannequin_Female.uasset" 527
"../../../../../../uue projects/wall climbing game/EvaluationGame/Content/MyEvaluationGameCharacter.uasset" 528
"../../../../../../uue projects/wall climbing game/EvaluationGame/Content/Geometry/Meshes/TemplateFloor.uasset" 529
"../../../../../../uue projects/wall climbing game/EvaluationGame/Content/ThirdPersonCPP/Maps/EvaluationMain.umap" 530
"../../../Engine/Content/Maps/Entry_BuiltData.uasset" 531
"../../../Engine/Content/Maps/Entry.umap" 532
